0 info it worked if it ends with ok
1 verbose cli [ 'D:\\Program Files\\nodejs\\node.exe',
1 verbose cli   'C:\\Users\\Administrator\\AppData\\Roaming\\npm\\node_modules\\npm\\bin\\npm-cli.js',
1 verbose cli   'install',
1 verbose cli   '-g',
1 verbose cli   'n' ]
2 info using npm@3.10.8
3 info using node@v4.4.4
4 silly loadCurrentTree Starting
5 silly install loadCurrentTree
6 silly install readGlobalPackageData
7 silly fetchPackageMetaData n
8 silly fetchNamedPackageData n
9 silly mapToRegistry name n
10 silly mapToRegistry using default registry
11 silly mapToRegistry registry http://registry.npmjs.org/
12 silly mapToRegistry data Result {
12 silly mapToRegistry   raw: 'n',
12 silly mapToRegistry   scope: null,
12 silly mapToRegistry   escapedName: 'n',
12 silly mapToRegistry   name: 'n',
12 silly mapToRegistry   rawSpec: '',
12 silly mapToRegistry   spec: 'latest',
12 silly mapToRegistry   type: 'tag' }
13 silly mapToRegistry uri http://registry.npmjs.org/n
14 verbose request uri http://registry.npmjs.org/n
15 verbose request no auth needed
16 info attempt registry request try #1 at 18:03:18
17 verbose request using bearer token for auth
18 verbose request id a17f0cad290e9448
19 http request GET http://registry.npmjs.org/n
20 http 200 http://registry.npmjs.org/n
21 verbose headers { server: 'nginx/1.10.1',
21 verbose headers   'content-type': 'application/json',
21 verbose headers   'last-modified': 'Tue, 21 Mar 2017 01:35:06 GMT',
21 verbose headers   etag: 'W/"58d0834a-101ff"',
21 verbose headers   'content-encoding': 'gzip',
21 verbose headers   'cache-control': 'max-age=300',
21 verbose headers   'transfer-encoding': 'chunked',
21 verbose headers   'accept-ranges': 'bytes',
21 verbose headers   date: 'Fri, 24 Mar 2017 09:59:54 GMT',
21 verbose headers   via: '1.1 varnish',
21 verbose headers   connection: 'keep-alive',
21 verbose headers   'x-served-by': 'cache-nrt6135-NRT',
21 verbose headers   'x-cache': 'MISS',
21 verbose headers   'x-cache-hits': '0',
21 verbose headers   'x-timer': 'S1490349594.127696,VS0,VE130',
21 verbose headers   vary: 'Accept-Encoding' }
22 silly get cb [ 200,
22 silly get   { server: 'nginx/1.10.1',
22 silly get     'content-type': 'application/json',
22 silly get     'last-modified': 'Tue, 21 Mar 2017 01:35:06 GMT',
22 silly get     etag: 'W/"58d0834a-101ff"',
22 silly get     'content-encoding': 'gzip',
22 silly get     'cache-control': 'max-age=300',
22 silly get     'transfer-encoding': 'chunked',
22 silly get     'accept-ranges': 'bytes',
22 silly get     date: 'Fri, 24 Mar 2017 09:59:54 GMT',
22 silly get     via: '1.1 varnish',
22 silly get     connection: 'keep-alive',
22 silly get     'x-served-by': 'cache-nrt6135-NRT',
22 silly get     'x-cache': 'MISS',
22 silly get     'x-cache-hits': '0',
22 silly get     'x-timer': 'S1490349594.127696,VS0,VE130',
22 silly get     vary: 'Accept-Encoding' } ]
23 verbose get saving n to C:\Users\Administrator\AppData\Roaming\npm-cache\registry.npmjs.org\n\.cache.json
24 verbose correctMkdir C:\Users\Administrator\AppData\Roaming\npm-cache correctMkdir not in flight; initializing
25 silly install normalizeTree
26 silly loadCurrentTree Finishing
27 silly loadIdealTree Starting
28 silly install loadIdealTree
29 silly cloneCurrentTree Starting
30 silly install cloneCurrentTreeToIdealTree
31 silly cloneCurrentTree Finishing
32 silly loadShrinkwrap Starting
33 silly install loadShrinkwrap
34 silly loadShrinkwrap Finishing
35 silly loadAllDepsIntoIdealTree Starting
36 silly install loadAllDepsIntoIdealTree
37 silly rollbackFailedOptional Starting
38 silly rollbackFailedOptional Finishing
39 silly runTopLevelLifecycles Finishing
40 silly install printInstalled
41 verbose stack Error: Unsupported platform for n@2.1.5: wanted {"name":"n","description":"Interactively Manage All Your Node Versions","version":"2.1.5","author":{"name":"TJ Holowaychuk","email":"tj@vision-media.ca"},"homepage":"https://github.com/tj/n","bugs":{"url":"https://github.com/tj/n/issues"},"contributors":[{"name":"Travis Webb","email":"me@traviswebb.com","url":"tjw.io"},{"name":"Nimit Kalra","email":"me@nimit.io","url":"http://nimit.io"},{"name":"Troy Connor","email":"troy0820@gmail.com","url":"https://github.com/troy0820"}],"keywords":["nvm","node","version","manager","switcher","node","binary","env"],"bin":{"n":"./bin/n"},"repository":{"type":"git","url":"git://github.com/tj/n.git"},"preferGlobal":true,"os":["!win32"],"engines":{"node":"*"},"license":"MIT","gitHead":"cf8b323b4814c280a009344cfec12d6693b09d70","_id":"n@2.1.5","scripts":{},"_shasum":"146a44fbcff3d3f12be7d7bcdd516d796be2e180","_from":"n","_npmVersion":"2.15.5","_nodeVersion":"4.4.5","_npmUser":{"name":"troy0820","email":"troy.connor@yahoo.com"},"dist":{"shasum":"146a44fbcff3d3f12be7d7bcdd516d796be2e180","tarball":"https://registry.npmjs.org/n/-/n-2.1.5.tgz"},"maintainers":[{"name":"bat","email":"ben@benatkin.com"},{"name":"qw3rtman","email":"nimit@nimitkalra.com"},{"name":"tedgaydos","email":"tedgaydos@gmail.com"},{"name":"tjholowaychuk","email":"tj@vision-media.ca"},{"name":"tjwebb","email":"me@traviswebb.com"},{"name":"troy0820","email":"troy.connor@yahoo.com"}],"_npmOperationalInternal":{"host":"packages-12-west.internal.npmjs.com","tmp":"tmp/n-2.1.5.tgz_1488994594679_0.9208811118733138"},"directories":{},"_resolved":"https://registry.npmjs.org/n/-/n-2.1.5.tgz","_requested":{"raw":"n","scope":null,"escapedName":"n","name":"n","rawSpec":"","spec":"latest","type":"tag"},"_spec":"n","_where":"D:\\work\\ife2017","_args":[[{"raw":"n","scope":null,"escapedName":"n","name":"n","rawSpec":"","spec":"latest","type":"tag"},"D:\\work\\ife2017"]],"readme":"ERROR: No README data found!"} (current: {"os":"win32","cpu":"x64"})
41 verbose stack     at checkPlatform (C:\Users\Administrator\AppData\Roaming\npm\node_modules\npm\node_modules\npm-install-checks\index.js:45:14)
41 verbose stack     at thenWarnEngineIssues (C:\Users\Administrator\AppData\Roaming\npm\node_modules\npm\lib\install\validate-args.js:41:5)
41 verbose stack     at C:\Users\Administrator\AppData\Roaming\npm\node_modules\npm\node_modules\iferr\index.js:13:50
41 verbose stack     at checkEngine (C:\Users\Administrator\AppData\Roaming\npm\node_modules\npm\node_modules\npm-install-checks\index.js:24:10)
41 verbose stack     at module.exports.isInstallable (C:\Users\Administrator\AppData\Roaming\npm\node_modules\npm\lib\install\validate-args.js:38:3)
41 verbose stack     at Array.<anonymous> (C:\Users\Administrator\AppData\Roaming\npm\node_modules\npm\node_modules\slide\lib\bind-actor.js:15:8)
41 verbose stack     at LOOP (C:\Users\Administrator\AppData\Roaming\npm\node_modules\npm\node_modules\slide\lib\chain.js:15:14)
41 verbose stack     at C:\Users\Administrator\AppData\Roaming\npm\node_modules\npm\node_modules\slide\lib\chain.js:18:7
41 verbose stack     at checkSelf (C:\Users\Administrator\AppData\Roaming\npm\node_modules\npm\lib\install\validate-args.js:46:72)
41 verbose stack     at Array.<anonymous> (C:\Users\Administrator\AppData\Roaming\npm\node_modules\npm\node_modules\slide\lib\bind-actor.js:15:8)
42 verbose pkgid n@2.1.5
43 verbose cwd D:\work\ife2017
44 error Windows_NT 6.1.7601
45 error argv "D:\\Program Files\\nodejs\\node.exe" "C:\\Users\\Administrator\\AppData\\Roaming\\npm\\node_modules\\npm\\bin\\npm-cli.js" "install" "-g" "n"
46 error node v4.4.4
47 error npm  v3.10.8
48 error code EBADPLATFORM
49 error notsup Unsupported platform for n@2.1.5: wanted {"os":"!win32","arch":"any"} (current: {"os":"win32","arch":"x64"})
50 error notsup Valid OS:    !win32
50 error notsup Valid Arch:  any
50 error notsup Actual OS:   win32
50 error notsup Actual Arch: x64
51 verbose exit [ 1, true ]
